TN:
SF:apps/setup-console/src/app/app.routes.ts
FNF:0
FNH:0
DA:2,1
DA:3,1
DA:5,1
LF:3
LH:3
BRF:0
BRH:0
end_of_record
TN:
SF:apps/setup-console/src/app/components/bootstrap-onboarding.component.html
FNF:0
FNH:0
DA:1,1
LF:1
LH:1
BRF:0
BRH:0
end_of_record
TN:
SF:apps/setup-console/src/app/components/bootstrap-onboarding.component.ts
FN:354,(anonymous_0)
FN:359,(anonymous_1)
FN:362,(anonymous_2)
FN:363,(anonymous_3)
FN:369,(anonymous_4)
FN:374,(anonymous_5)
FN:451,(anonymous_6)
FN:466,(anonymous_7)
FN:467,(anonymous_8)
FN:469,(anonymous_9)
FN:477,(anonymous_10)
FN:484,(anonymous_11)
FN:486,(anonymous_12)
FN:494,(anonymous_13)
FN:500,(anonymous_14)
FN:502,(anonymous_15)
FN:510,(anonymous_16)
FN:517,(anonymous_17)
FN:519,(anonymous_18)
FN:526,(anonymous_19)
FN:527,(anonymous_20)
FN:529,(anonymous_21)
FN:530,(anonymous_22)
FN:539,(anonymous_23)
FN:559,(anonymous_24)
FN:564,(anonymous_25)
FN:572,(anonymous_26)
FN:601,(anonymous_27)
FN:603,(anonymous_28)
FN:604,(anonymous_29)
FN:609,(anonymous_30)
FN:610,(anonymous_31)
FN:618,(anonymous_32)
FN:620,(anonymous_33)
FN:630,(anonymous_34)
FN:637,(anonymous_35)
FN:643,(anonymous_36)
FN:645,(anonymous_37)
FN:647,(anonymous_38)
FN:648,(anonymous_39)
FN:651,(anonymous_40)
FN:657,(anonymous_41)
FN:659,(anonymous_42)
FN:663,(anonymous_43)
FN:679,(anonymous_44)
FN:684,(anonymous_45)
FN:694,(anonymous_46)
FN:703,(anonymous_47)
FN:704,(anonymous_48)
FN:711,(anonymous_49)
FN:713,(anonymous_50)
FN:722,(anonymous_51)
FN:728,(anonymous_52)
FN:732,(anonymous_53)
FN:736,(anonymous_54)
FN:738,(anonymous_55)
FN:742,(anonymous_56)
FN:743,(anonymous_57)
FN:746,(anonymous_58)
FN:747,(anonymous_59)
FN:750,(anonymous_60)
FN:751,(anonymous_61)
FN:756,(anonymous_62)
FN:760,(anonymous_63)
FN:763,(anonymous_64)
FN:768,(anonymous_65)
FN:771,(anonymous_66)
FN:776,(anonymous_67)
FN:777,(anonymous_68)
FN:780,(anonymous_69)
FN:869,(anonymous_70)
FN:870,(anonymous_71)
FN:873,(anonymous_72)
FN:875,(anonymous_73)
FN:879,(anonymous_74)
FN:881,(anonymous_75)
FN:882,(anonymous_76)
FN:891,(anonymous_77)
FN:894,(anonymous_78)
FN:908,(anonymous_79)
FN:923,(anonymous_80)
FN:936,(anonymous_81)
FN:944,(anonymous_82)
FN:945,(anonymous_83)
FN:955,(anonymous_84)
FN:957,(anonymous_85)
FN:961,(anonymous_86)
FN:962,(anonymous_87)
FN:965,(anonymous_88)
FN:986,(anonymous_89)
FN:991,(anonymous_90)
FN:996,(anonymous_91)
FN:1001,(anonymous_92)
FN:1008,(anonymous_93)
FN:1014,(anonymous_94)
FN:1030,(anonymous_95)
FN:1036,(anonymous_96)
FN:1133,(anonymous_97)
FN:1137,(anonymous_98)
FN:1141,(anonymous_99)
FN:1144,(anonymous_100)
FN:1149,(anonymous_101)
FN:1156,(anonymous_102)
FN:1158,(anonymous_103)
FN:1162,(anonymous_104)
FN:1179,(anonymous_105)
FN:1182,(anonymous_106)
FN:1194,(anonymous_107)
FN:1195,(anonymous_108)
FN:1198,(anonymous_109)
FN:1204,(anonymous_110)
FN:1211,(anonymous_111)
FN:1217,(anonymous_112)
FN:1229,(anonymous_113)
FN:1237,(anonymous_114)
FN:1250,(anonymous_115)
FN:1254,(anonymous_116)
FN:1264,(anonymous_117)
FN:1274,(anonymous_118)
FN:1287,(anonymous_119)
FN:1288,(anonymous_120)
FN:1293,(anonymous_121)
FN:1296,(anonymous_122)
FN:1300,(anonymous_123)
FN:1303,(anonymous_124)
FN:1307,(anonymous_125)
FN:1317,(anonymous_126)
FN:1323,(anonymous_127)
FN:1327,(anonymous_128)
FN:1329,(anonymous_129)
FN:1337,(anonymous_130)
FN:1339,(anonymous_131)
FN:1359,(anonymous_132)
FN:1363,(anonymous_133)
FN:1370,(anonymous_134)
FN:1380,(anonymous_135)
FN:1390,(anonymous_136)
FN:1409,(anonymous_137)
FN:1416,(anonymous_138)
FN:1432,(anonymous_139)
FN:1451,(anonymous_140)
FN:1458,(anonymous_141)
FN:1460,(anonymous_142)
FN:1471,(anonymous_143)
FN:1478,(anonymous_144)
FN:1485,(anonymous_145)
FN:1491,(anonymous_146)
FN:1495,(anonymous_147)
FN:1503,(anonymous_148)
FN:1511,(anonymous_149)
FN:1515,(anonymous_150)
FN:1523,(anonymous_151)
FN:1527,(anonymous_152)
FN:1537,(anonymous_153)
FN:1554,(anonymous_154)
FN:1571,(anonymous_155)
FN:1575,(anonymous_156)
FN:1579,(anonymous_157)
FN:1581,(anonymous_158)
FN:1585,(anonymous_159)
FN:1588,(anonymous_160)
FN:1589,(anonymous_161)
FN:1593,(anonymous_162)
FN:1602,(anonymous_163)
FN:1607,(anonymous_164)
FN:1615,(anonymous_165)
FN:1620,(anonymous_166)
FN:1625,(anonymous_167)
FN:1630,(anonymous_168)
FN:1642,(anonymous_169)
FN:1646,(anonymous_170)
FN:1654,(anonymous_171)
FN:1667,(anonymous_172)
FN:1680,(anonymous_173)
FN:1687,(anonymous_174)
FN:1695,(anonymous_175)
FN:1711,(anonymous_176)
FN:1718,(anonymous_177)
FN:1723,(anonymous_178)
FN:1732,(anonymous_179)
FN:1735,(anonymous_180)
FN:1756,(anonymous_181)
FN:1758,(anonymous_182)
FN:1767,(anonymous_183)
FN:1774,(anonymous_184)
FN:1776,(anonymous_185)
FN:1793,(anonymous_186)
FN:1799,(anonymous_187)
FN:1810,(anonymous_188)
FN:1811,(anonymous_189)
FN:1814,(anonymous_190)
FN:1816,(anonymous_191)
FN:1821,(anonymous_192)
FN:1825,(anonymous_193)
FN:1829,(anonymous_194)
FN:1831,(anonymous_195)
FN:1835,(anonymous_196)
FN:1836,(anonymous_197)
FN:1844,(anonymous_198)
FN:1845,(anonymous_199)
FN:1853,(anonymous_200)
FN:1862,(anonymous_201)
FN:1871,(anonymous_202)
FN:1874,(anonymous_203)
FN:1878,(anonymous_204)
FN:1885,(anonymous_205)
FN:1891,(anonymous_206)
FN:1901,(anonymous_207)
FN:1907,(anonymous_208)
FN:1912,(anonymous_209)
FN:1913,(anonymous_210)
FN:1918,(anonymous_211)
FN:1923,(anonymous_212)
FN:1928,(anonymous_213)
FN:1933,(anonymous_214)
FN:1938,(anonymous_215)
FN:1951,(anonymous_216)
FN:1985,(anonymous_217)
FN:1998,(anonymous_218)
FN:2011,(anonymous_219)
FN:2018,(anonymous_220)
FN:2024,(anonymous_221)
FN:2031,(anonymous_222)
FN:2036,(anonymous_223)
FN:2038,(anonymous_224)
FN:2078,(anonymous_225)
FN:2082,(anonymous_226)
FN:2086,(anonymous_227)
FN:2092,(anonymous_228)
FN:2099,(anonymous_229)
FN:2116,(anonymous_230)
FN:2120,(anonymous_231)
FN:2121,(anonymous_232)
FN:2127,(anonymous_233)
FN:2131,(anonymous_234)
FN:2137,(anonymous_235)
FN:2147,(anonymous_236)
FN:2149,(anonymous_237)
FN:2187,(anonymous_238)
FN:2192,(anonymous_239)
FN:2199,(anonymous_240)
FN:2209,(anonymous_241)
FN:2222,(anonymous_242)
FN:2229,(anonymous_243)
FN:2246,(anonymous_244)
FN:2265,(anonymous_245)
FN:2280,(anonymous_246)
FN:2290,(anonymous_247)
FN:2305,(anonymous_248)
FN:2306,(anonymous_249)
FN:2316,(anonymous_250)
FN:2317,(anonymous_251)
FN:2327,(anonymous_252)
FN:2328,(anonymous_253)
FN:2338,(anonymous_254)
FN:2339,(anonymous_255)
FN:2345,(anonymous_256)
FN:2361,(anonymous_257)
FN:2366,(anonymous_258)
FN:2385,(anonymous_259)
FN:2390,(anonymous_260)
FN:2393,(anonymous_261)
FN:2399,(anonymous_262)
FNF:263
FNH:0
FNDA:0,(anonymous_0)
FNDA:0,(anonymous_1)
FNDA:0,(anonymous_2)
FNDA:0,(anonymous_3)
FNDA:0,(anonymous_4)
FNDA:0,(anonymous_5)
FNDA:0,(anonymous_6)
FNDA:0,(anonymous_7)
FNDA:0,(anonymous_8)
FNDA:0,(anonymous_9)
FNDA:0,(anonymous_10)
FNDA:0,(anonymous_11)
FNDA:0,(anonymous_12)
FNDA:0,(anonymous_13)
FNDA:0,(anonymous_14)
FNDA:0,(anonymous_15)
FNDA:0,(anonymous_16)
FNDA:0,(anonymous_17)
FNDA:0,(anonymous_18)
FNDA:0,(anonymous_19)
FNDA:0,(anonymous_20)
FNDA:0,(anonymous_21)
FNDA:0,(anonymous_22)
FNDA:0,(anonymous_23)
FNDA:0,(anonymous_24)
FNDA:0,(anonymous_25)
FNDA:0,(anonymous_26)
FNDA:0,(anonymous_27)
FNDA:0,(anonymous_28)
FNDA:0,(anonymous_29)
FNDA:0,(anonymous_30)
FNDA:0,(anonymous_31)
FNDA:0,(anonymous_32)
FNDA:0,(anonymous_33)
FNDA:0,(anonymous_34)
FNDA:0,(anonymous_35)
FNDA:0,(anonymous_36)
FNDA:0,(anonymous_37)
FNDA:0,(anonymous_38)
FNDA:0,(anonymous_39)
FNDA:0,(anonymous_40)
FNDA:0,(anonymous_41)
FNDA:0,(anonymous_42)
FNDA:0,(anonymous_43)
FNDA:0,(anonymous_44)
FNDA:0,(anonymous_45)
FNDA:0,(anonymous_46)
FNDA:0,(anonymous_47)
FNDA:0,(anonymous_48)
FNDA:0,(anonymous_49)
FNDA:0,(anonymous_50)
FNDA:0,(anonymous_51)
FNDA:0,(anonymous_52)
FNDA:0,(anonymous_53)
FNDA:0,(anonymous_54)
FNDA:0,(anonymous_55)
FNDA:0,(anonymous_56)
FNDA:0,(anonymous_57)
FNDA:0,(anonymous_58)
FNDA:0,(anonymous_59)
FNDA:0,(anonymous_60)
FNDA:0,(anonymous_61)
FNDA:0,(anonymous_62)
FNDA:0,(anonymous_63)
FNDA:0,(anonymous_64)
FNDA:0,(anonymous_65)
FNDA:0,(anonymous_66)
FNDA:0,(anonymous_67)
FNDA:0,(anonymous_68)
FNDA:0,(anonymous_69)
FNDA:0,(anonymous_70)
FNDA:0,(anonymous_71)
FNDA:0,(anonymous_72)
FNDA:0,(anonymous_73)
FNDA:0,(anonymous_74)
FNDA:0,(anonymous_75)
FNDA:0,(anonymous_76)
FNDA:0,(anonymous_77)
FNDA:0,(anonymous_78)
FNDA:0,(anonymous_79)
FNDA:0,(anonymous_80)
FNDA:0,(anonymous_81)
FNDA:0,(anonymous_82)
FNDA:0,(anonymous_83)
FNDA:0,(anonymous_84)
FNDA:0,(anonymous_85)
FNDA:0,(anonymous_86)
FNDA:0,(anonymous_87)
FNDA:0,(anonymous_88)
FNDA:0,(anonymous_89)
FNDA:0,(anonymous_90)
FNDA:0,(anonymous_91)
FNDA:0,(anonymous_92)
FNDA:0,(anonymous_93)
FNDA:0,(anonymous_94)
FNDA:0,(anonymous_95)
FNDA:0,(anonymous_96)
FNDA:0,(anonymous_97)
FNDA:0,(anonymous_98)
FNDA:0,(anonymous_99)
FNDA:0,(anonymous_100)
FNDA:0,(anonymous_101)
FNDA:0,(anonymous_102)
FNDA:0,(anonymous_103)
FNDA:0,(anonymous_104)
FNDA:0,(anonymous_105)
FNDA:0,(anonymous_106)
FNDA:0,(anonymous_107)
FNDA:0,(anonymous_108)
FNDA:0,(anonymous_109)
FNDA:0,(anonymous_110)
FNDA:0,(anonymous_111)
FNDA:0,(anonymous_112)
FNDA:0,(anonymous_113)
FNDA:0,(anonymous_114)
FNDA:0,(anonymous_115)
FNDA:0,(anonymous_116)
FNDA:0,(anonymous_117)
FNDA:0,(anonymous_118)
FNDA:0,(anonymous_119)
FNDA:0,(anonymous_120)
FNDA:0,(anonymous_121)
FNDA:0,(anonymous_122)
FNDA:0,(anonymous_123)
FNDA:0,(anonymous_124)
FNDA:0,(anonymous_125)
FNDA:0,(anonymous_126)
FNDA:0,(anonymous_127)
FNDA:0,(anonymous_128)
FNDA:0,(anonymous_129)
FNDA:0,(anonymous_130)
FNDA:0,(anonymous_131)
FNDA:0,(anonymous_132)
FNDA:0,(anonymous_133)
FNDA:0,(anonymous_134)
FNDA:0,(anonymous_135)
FNDA:0,(anonymous_136)
FNDA:0,(anonymous_137)
FNDA:0,(anonymous_138)
FNDA:0,(anonymous_139)
FNDA:0,(anonymous_140)
FNDA:0,(anonymous_141)
FNDA:0,(anonymous_142)
FNDA:0,(anonymous_143)
FNDA:0,(anonymous_144)
FNDA:0,(anonymous_145)
FNDA:0,(anonymous_146)
FNDA:0,(anonymous_147)
FNDA:0,(anonymous_148)
FNDA:0,(anonymous_149)
FNDA:0,(anonymous_150)
FNDA:0,(anonymous_151)
FNDA:0,(anonymous_152)
FNDA:0,(anonymous_153)
FNDA:0,(anonymous_154)
FNDA:0,(anonymous_155)
FNDA:0,(anonymous_156)
FNDA:0,(anonymous_157)
FNDA:0,(anonymous_158)
FNDA:0,(anonymous_159)
FNDA:0,(anonymous_160)
FNDA:0,(anonymous_161)
FNDA:0,(anonymous_162)
FNDA:0,(anonymous_163)
FNDA:0,(anonymous_164)
FNDA:0,(anonymous_165)
FNDA:0,(anonymous_166)
FNDA:0,(anonymous_167)
FNDA:0,(anonymous_168)
FNDA:0,(anonymous_169)
FNDA:0,(anonymous_170)
FNDA:0,(anonymous_171)
FNDA:0,(anonymous_172)
FNDA:0,(anonymous_173)
FNDA:0,(anonymous_174)
FNDA:0,(anonymous_175)
FNDA:0,(anonymous_176)
FNDA:0,(anonymous_177)
FNDA:0,(anonymous_178)
FNDA:0,(anonymous_179)
FNDA:0,(anonymous_180)
FNDA:0,(anonymous_181)
FNDA:0,(anonymous_182)
FNDA:0,(anonymous_183)
FNDA:0,(anonymous_184)
FNDA:0,(anonymous_185)
FNDA:0,(anonymous_186)
FNDA:0,(anonymous_187)
FNDA:0,(anonymous_188)
FNDA:0,(anonymous_189)
FNDA:0,(anonymous_190)
FNDA:0,(anonymous_191)
FNDA:0,(anonymous_192)
FNDA:0,(anonymous_193)
FNDA:0,(anonymous_194)
FNDA:0,(anonymous_195)
FNDA:0,(anonymous_196)
FNDA:0,(anonymous_197)
FNDA:0,(anonymous_198)
FNDA:0,(anonymous_199)
FNDA:0,(anonymous_200)
FNDA:0,(anonymous_201)
FNDA:0,(anonymous_202)
FNDA:0,(anonymous_203)
FNDA:0,(anonymous_204)
FNDA:0,(anonymous_205)
FNDA:0,(anonymous_206)
FNDA:0,(anonymous_207)
FNDA:0,(anonymous_208)
FNDA:0,(anonymous_209)
FNDA:0,(anonymous_210)
FNDA:0,(anonymous_211)
FNDA:0,(anonymous_212)
FNDA:0,(anonymous_213)
FNDA:0,(anonymous_214)
FNDA:0,(anonymous_215)
FNDA:0,(anonymous_216)
FNDA:0,(anonymous_217)
FNDA:0,(anonymous_218)
FNDA:0,(anonymous_219)
FNDA:0,(anonymous_220)
FNDA:0,(anonymous_221)
FNDA:0,(anonymous_222)
FNDA:0,(anonymous_223)
FNDA:0,(anonymous_224)
FNDA:0,(anonymous_225)
FNDA:0,(anonymous_226)
FNDA:0,(anonymous_227)
FNDA:0,(anonymous_228)
FNDA:0,(anonymous_229)
FNDA:0,(anonymous_230)
FNDA:0,(anonymous_231)
FNDA:0,(anonymous_232)
FNDA:0,(anonymous_233)
FNDA:0,(anonymous_234)
FNDA:0,(anonymous_235)
FNDA:0,(anonymous_236)
FNDA:0,(anonymous_237)
FNDA:0,(anonymous_238)
FNDA:0,(anonymous_239)
FNDA:0,(anonymous_240)
FNDA:0,(anonymous_241)
FNDA:0,(anonymous_242)
FNDA:0,(anonymous_243)
FNDA:0,(anonymous_244)
FNDA:0,(anonymous_245)
FNDA:0,(anonymous_246)
FNDA:0,(anonymous_247)
FNDA:0,(anonymous_248)
FNDA:0,(anonymous_249)
FNDA:0,(anonymous_250)
FNDA:0,(anonymous_251)
FNDA:0,(anonymous_252)
FNDA:0,(anonymous_253)
FNDA:0,(anonymous_254)
FNDA:0,(anonymous_255)
FNDA:0,(anonymous_256)
FNDA:0,(anonymous_257)
FNDA:0,(anonymous_258)
FNDA:0,(anonymous_259)
FNDA:0,(anonymous_260)
FNDA:0,(anonymous_261)
FNDA:0,(anonymous_262)
DA:1,1
DA:8,1
DA:9,1
DA:10,1
DA:11,1
DA:19,1
DA:28,1
DA:32,1
DA:137,1
DA:138,0
DA:139,0
DA:140,0
DA:142,0
DA:143,0
DA:144,0
DA:145,0
DA:146,0
DA:149,0
DA:150,0
DA:151,0
DA:152,0
DA:153,0
DA:154,0
DA:155,0
DA:156,0
DA:157,0
DA:158,0
DA:162,0
DA:163,0
DA:164,0
DA:166,0
DA:191,0
DA:193,0
DA:194,0
DA:195,0
DA:196,0
DA:197,0
DA:198,0
DA:200,0
DA:202,0
DA:203,0
DA:204,0
DA:205,0
DA:206,0
DA:207,0
DA:209,0
DA:210,0
DA:211,0
DA:213,0
DA:295,0
DA:311,0
DA:312,0
DA:313,0
DA:314,0
DA:315,0
DA:316,0
DA:325,0
DA:326,0
DA:327,0
DA:337,0
DA:348,0
DA:349,0
DA:350,0
DA:351,0
DA:352,0
DA:355,0
DA:356,0
DA:357,0
DA:358,0
DA:359,0
DA:360,0
DA:361,0
DA:362,0
DA:363,0
DA:365,0
DA:370,0
DA:371,0
DA:375,0
DA:452,0
DA:453,0
DA:458,0
DA:463,0
DA:467,0
DA:468,0
DA:470,0
DA:471,0
DA:472,0
DA:473,0
DA:474,0
DA:478,0
DA:485,0
DA:487,0
DA:488,0
DA:489,0
DA:490,0
DA:491,0
DA:495,0
DA:501,0
DA:503,0
DA:504,0
DA:505,0
DA:506,0
DA:507,0
DA:508,0
DA:511,0
DA:512,0
DA:518,0
DA:520,0
DA:521,0
DA:522,0
DA:523,0
DA:524,0
DA:525,0
DA:526,0
DA:527,0
DA:528,0
DA:529,0
DA:530,0
DA:531,0
DA:532,0
DA:533,0
DA:534,0
DA:540,0
DA:541,0
DA:542,0
DA:543,0
DA:545,0
DA:546,0
DA:552,0
DA:553,0
DA:554,0
DA:555,0
DA:560,0
DA:565,0
DA:566,0
DA:567,0
DA:568,0
DA:570,0
DA:571,0
DA:572,0
DA:574,0
DA:575,0
DA:577,0
DA:578,0
DA:580,0
DA:585,0
DA:589,0
DA:599,0
DA:602,0
DA:603,0
DA:604,0
DA:609,0
DA:610,0
DA:613,0
DA:619,0
DA:621,0
DA:622,0
DA:624,0
DA:628,0
DA:630,0
DA:633,0
DA:638,0
DA:644,0
DA:646,0
DA:647,0
DA:648,0
DA:649,0
DA:652,0
DA:658,0
DA:659,0
DA:664,0
DA:665,0
DA:666,0
DA:680,0
DA:681,0
DA:682,0
DA:685,0
DA:686,0
DA:695,0
DA:696,0
DA:703,0
DA:705,0
DA:706,0
DA:712,0
DA:714,0
DA:715,0
DA:716,0
DA:717,0
DA:718,0
DA:719,0
DA:723,0
DA:729,0
DA:733,0
DA:737,0
DA:738,0
DA:743,0
DA:747,0
DA:751,0
DA:752,0
DA:757,0
DA:761,0
DA:763,0
DA:769,0
DA:771,0
DA:777,0
DA:781,0
DA:783,0
DA:795,0
DA:807,0
DA:819,0
DA:831,0
DA:843,0
DA:855,0
DA:870,0
DA:874,0
DA:875,0
DA:880,0
DA:881,0
DA:883,0
DA:891,0
DA:895,0
DA:896,0
DA:897,0
DA:898,0
DA:900,0
DA:909,0
DA:910,0
DA:911,0
DA:914,0
DA:915,0
DA:916,0
DA:917,0
DA:919,0
DA:924,0
DA:925,0
DA:926,0
DA:929,0
DA:930,0
DA:932,0
DA:937,0
DA:938,0
DA:939,0
DA:940,0
DA:941,0
DA:945,0
DA:946,0
DA:947,0
DA:949,0
DA:950,0
DA:952,0
DA:956,0
DA:957,0
DA:962,0
DA:966,0
DA:967,0
DA:968,0
DA:969,0
DA:971,0
DA:974,0
DA:977,0
DA:978,0
DA:980,0
DA:981,0
DA:987,0
DA:991,0
DA:997,0
DA:998,0
DA:1002,0
DA:1003,0
DA:1004,0
DA:1009,0
DA:1015,0
DA:1016,0
DA:1023,0
DA:1031,0
DA:1037,0
DA:1134,0
DA:1138,0
DA:1142,0
DA:1143,0
DA:1144,0
DA:1145,0
DA:1150,0
DA:1151,0
DA:1152,0
DA:1157,0
DA:1158,0
DA:1163,0
DA:1164,0
DA:1165,0
DA:1166,0
DA:1171,0
DA:1172,0
DA:1175,0
DA:1176,0
DA:1179,0
DA:1182,0
DA:1189,0
DA:1190,0
DA:1195,0
DA:1203,0
DA:1204,0
DA:1206,0
DA:1207,0
DA:1212,0
DA:1213,0
DA:1221,0
DA:1222,0
DA:1223,0
DA:1224,0
DA:1225,0
DA:1226,0
DA:1233,0
DA:1234,0
DA:1242,0
DA:1243,0
DA:1244,0
DA:1245,0
DA:1246,0
DA:1247,0
DA:1251,0
DA:1255,0
DA:1256,0
DA:1258,0
DA:1259,0
DA:1261,0
DA:1265,0
DA:1266,0
DA:1268,0
DA:1269,0
DA:1271,0
DA:1275,0
DA:1277,0
DA:1279,0
DA:1281,0
DA:1283,0
DA:1288,0
DA:1289,0
DA:1294,0
DA:1296,0
DA:1301,0
DA:1303,0
DA:1308,0
DA:1309,0
DA:1310,0
DA:1311,0
DA:1313,0
DA:1314,0
DA:1318,0
DA:1319,0
DA:1320,0
DA:1323,0
DA:1326,0
DA:1327,0
DA:1328,0
DA:1329,0
DA:1331,0
DA:1337,0
DA:1338,0
DA:1339,0
DA:1341,0
DA:1350,0
DA:1351,0
DA:1352,0
DA:1356,0
DA:1360,0
DA:1361,0
DA:1364,0
DA:1365,0
DA:1371,0
DA:1372,0
DA:1375,0
DA:1376,0
DA:1377,0
DA:1381,0
DA:1382,0
DA:1383,0
DA:1384,0
DA:1387,0
DA:1388,0
DA:1389,0
DA:1391,0
DA:1392,0
DA:1393,0
DA:1394,0
DA:1395,0
DA:1396,0
DA:1397,0
DA:1398,0
DA:1399,0
DA:1404,0
DA:1405,0
DA:1406,0
DA:1407,0
DA:1410,0
DA:1411,0
DA:1417,0
DA:1418,0
DA:1419,0
DA:1420,0
DA:1423,0
DA:1424,0
DA:1425,0
DA:1433,0
DA:1434,0
DA:1435,0
DA:1436,0
DA:1437,0
DA:1438,0
DA:1439,0
DA:1440,0
DA:1441,0
DA:1446,0
DA:1447,0
DA:1448,0
DA:1449,0
DA:1452,0
DA:1453,0
DA:1459,0
DA:1460,0
DA:1461,0
DA:1464,0
DA:1465,0
DA:1466,0
DA:1472,0
DA:1473,0
DA:1474,0
DA:1475,0
DA:1479,0
DA:1486,0
DA:1487,0
DA:1488,0
DA:1492,0
DA:1496,0
DA:1497,0
DA:1499,0
DA:1504,0
DA:1505,0
DA:1507,0
DA:1512,0
DA:1516,0
DA:1524,0
DA:1528,0
DA:1529,0
DA:1531,0
DA:1532,0
DA:1534,0
DA:1538,0
DA:1540,0
DA:1542,0
DA:1544,0
DA:1546,0
DA:1548,0
DA:1550,0
DA:1555,0
DA:1557,0
DA:1559,0
DA:1561,0
DA:1563,0
DA:1565,0
DA:1567,0
DA:1572,0
DA:1576,0
DA:1580,0
DA:1581,0
DA:1586,0
DA:1588,0
DA:1589,0
DA:1596,0
DA:1597,0
DA:1598,0
DA:1599,0
DA:1602,0
DA:1603,0
DA:1608,0
DA:1609,0
DA:1610,0
DA:1612,0
DA:1616,0
DA:1617,0
DA:1621,0
DA:1622,0
DA:1626,0
DA:1627,0
DA:1631,0
DA:1643,0
DA:1651,0
DA:1655,0
DA:1671,0
DA:1672,0
DA:1673,0
DA:1674,0
DA:1675,0
DA:1676,0
DA:1677,0
DA:1684,0
DA:1692,0
DA:1699,0
DA:1715,0
DA:1722,0
DA:1723,0
DA:1724,0
DA:1725,0
DA:1726,0
DA:1727,0
DA:1729,0
DA:1733,0
DA:1734,0
DA:1735,0
DA:1738,0
DA:1757,0
DA:1758,0
DA:1760,0
DA:1761,0
DA:1762,0
DA:1772,0
DA:1773,0
DA:1774,0
DA:1776,0
DA:1777,0
DA:1778,0
DA:1785,0
DA:1788,0
DA:1797,0
DA:1798,0
DA:1799,0
DA:1803,0
DA:1811,0
DA:1815,0
DA:1816,0
DA:1822,0
DA:1826,0
DA:1830,0
DA:1831,0
DA:1836,0
DA:1837,0
DA:1838,0
DA:1839,0
DA:1841,0
DA:1845,0
DA:1846,0
DA:1847,0
DA:1848,0
DA:1849,0
DA:1854,0
DA:1863,0
DA:1872,0
DA:1873,0
DA:1875,0
DA:1876,0
DA:1879,0
DA:1880,0
DA:1886,0
DA:1887,0
DA:1892,0
DA:1893,0
DA:1894,0
DA:1896,0
DA:1897,0
DA:1902,0
DA:1903,0
DA:1908,0
DA:1909,0
DA:1913,0
DA:1914,0
DA:1923,0
DA:1924,0
DA:1933,0
DA:1934,0
DA:1944,0
DA:1945,0
DA:1946,0
DA:1947,0
DA:1948,0
DA:1952,0
DA:1953,0
DA:1956,0
DA:1958,0
DA:1959,0
DA:1961,0
DA:1962,0
DA:1964,0
DA:1965,0
DA:1967,0
DA:1972,0
DA:1974,0
DA:1979,0
DA:1982,0
DA:1990,0
DA:1991,0
DA:1992,0
DA:1993,0
DA:1996,0
DA:1997,0
DA:1998,0
DA:1999,0
DA:2000,0
DA:2004,0
DA:2012,0
DA:2013,0
DA:2014,0
DA:2015,0
DA:2019,0
DA:2020,0
DA:2024,0
DA:2025,0
DA:2026,0
DA:2028,0
DA:2032,0
DA:2033,0
DA:2034,0
DA:2036,0
DA:2037,0
DA:2038,0
DA:2040,0
DA:2041,0
DA:2070,0
DA:2075,0
DA:2079,0
DA:2083,0
DA:2084,0
DA:2087,0
DA:2088,0
DA:2093,0
DA:2094,0
DA:2100,0
DA:2101,0
DA:2102,0
DA:2103,0
DA:2104,0
DA:2105,0
DA:2107,0
DA:2108,0
DA:2109,0
DA:2115,0
DA:2117,0
DA:2120,0
DA:2121,0
DA:2126,0
DA:2128,0
DA:2129,0
DA:2132,0
DA:2133,0
DA:2138,0
DA:2139,0
DA:2140,0
DA:2142,0
DA:2147,0
DA:2148,0
DA:2149,0
DA:2151,0
DA:2152,0
DA:2154,0
DA:2155,0
DA:2163,0
DA:2164,0
DA:2165,0
DA:2166,0
DA:2168,0
DA:2174,0
DA:2175,0
DA:2176,0
DA:2179,0
DA:2184,0
DA:2188,0
DA:2189,0
DA:2190,0
DA:2193,0
DA:2194,0
DA:2200,0
DA:2201,0
DA:2202,0
DA:2210,0
DA:2218,0
DA:2219,0
DA:2220,0
DA:2223,0
DA:2224,0
DA:2230,0
DA:2231,0
DA:2233,0
DA:2241,0
DA:2242,0
DA:2243,0
DA:2258,0
DA:2264,0
DA:2266,0
DA:2267,0
DA:2272,0
DA:2274,0
DA:2278,0
DA:2281,0
DA:2291,0
DA:2292,0
DA:2293,0
DA:2294,0
DA:2296,0
DA:2305,0
DA:2307,0
DA:2316,0
DA:2318,0
DA:2327,0
DA:2329,0
DA:2338,0
DA:2340,0
DA:2344,0
DA:2346,0
DA:2350,0
DA:2355,0
DA:2360,0
DA:2361,0
DA:2362,0
DA:2367,0
DA:2368,0
DA:2386,0
DA:2387,0
DA:2391,0
DA:2394,0
DA:2400,0
DA:2425,0
LF:720
LH:9
BRDA:355,0,0,0
BRDA:370,1,0,0
BRDA:371,2,0,0
BRDA:452,3,0,0
BRDA:452,3,1,0
BRDA:453,4,0,0
BRDA:453,4,1,0
BRDA:459,5,0,0
BRDA:459,5,1,0
BRDA:460,6,0,0
BRDA:460,6,1,0
BRDA:461,7,0,0
BRDA:461,7,1,0
BRDA:463,8,0,0
BRDA:463,8,1,0
BRDA:470,9,0,0
BRDA:470,10,0,0
BRDA:470,10,1,0
BRDA:473,11,0,0
BRDA:473,12,0,0
BRDA:473,12,1,0
BRDA:489,13,0,0
BRDA:520,14,0,0
BRDA:542,15,0,0
BRDA:548,16,0,0
BRDA:548,16,1,0
BRDA:549,17,0,0
BRDA:549,17,1,0
BRDA:550,18,0,0
BRDA:550,18,1,0
BRDA:550,18,2,0
BRDA:553,19,0,0
BRDA:553,19,1,0
BRDA:574,20,0,0
BRDA:580,21,0,0
BRDA:580,21,1,0
BRDA:580,21,2,0
BRDA:580,21,3,0
BRDA:585,22,0,0
BRDA:585,22,1,0
BRDA:585,22,2,0
BRDA:585,22,3,0
BRDA:594,23,0,0
BRDA:594,23,1,0
BRDA:594,23,2,0
BRDA:603,24,0,0
BRDA:603,24,1,0
BRDA:623,25,0,0
BRDA:623,25,1,0
BRDA:625,26,0,0
BRDA:625,26,1,0
BRDA:625,26,2,0
BRDA:628,27,0,0
BRDA:634,28,0,0
BRDA:634,28,1,0
BRDA:673,29,0,0
BRDA:673,29,1,0
BRDA:687,30,0,0
BRDA:687,30,1,0
BRDA:687,30,2,0
BRDA:706,31,0,0
BRDA:706,31,1,0
BRDA:706,31,2,0
BRDA:714,32,0,0
BRDA:714,32,1,0
BRDA:715,33,0,0
BRDA:715,34,0,0
BRDA:715,34,1,0
BRDA:729,35,0,0
BRDA:733,36,0,0
BRDA:751,37,0,0
BRDA:751,37,1,0
BRDA:762,38,0,0
BRDA:762,38,1,0
BRDA:770,39,0,0
BRDA:770,39,1,0
BRDA:781,40,0,0
BRDA:781,40,1,0
BRDA:781,40,2,0
BRDA:781,40,3,0
BRDA:781,40,4,0
BRDA:781,40,5,0
BRDA:781,40,6,0
BRDA:875,41,0,0
BRDA:875,41,1,0
BRDA:881,42,0,0
BRDA:881,42,1,0
BRDA:886,43,0,0
BRDA:886,43,1,0
BRDA:887,44,0,0
BRDA:887,44,1,0
BRDA:888,45,0,0
BRDA:888,45,1,0
BRDA:895,46,0,0
BRDA:895,46,1,0
BRDA:897,47,0,0
BRDA:897,47,1,0
BRDA:897,48,0,0
BRDA:897,48,1,0
BRDA:898,49,0,0
BRDA:898,49,1,0
BRDA:902,50,0,0
BRDA:902,50,1,0
BRDA:902,51,0,0
BRDA:902,51,1,0
BRDA:910,52,0,0
BRDA:916,53,0,0
BRDA:916,53,1,0
BRDA:925,54,0,0
BRDA:946,55,0,0
BRDA:949,56,0,0
BRDA:957,57,0,0
BRDA:957,57,1,0
BRDA:962,58,0,0
BRDA:962,58,1,0
BRDA:968,59,0,0
BRDA:971,60,0,0
BRDA:971,60,1,0
BRDA:974,61,0,0
BRDA:974,61,1,0
BRDA:977,62,0,0
BRDA:980,63,0,0
BRDA:988,64,0,0
BRDA:988,64,1,0
BRDA:988,64,2,0
BRDA:991,65,0,0
BRDA:991,65,1,0
BRDA:991,66,0,0
BRDA:991,66,1,0
BRDA:991,67,0,0
BRDA:991,67,1,0
BRDA:998,68,0,0
BRDA:998,68,1,0
BRDA:1003,69,0,0
BRDA:1009,70,0,0
BRDA:1009,70,1,0
BRDA:1015,71,0,0
BRDA:1031,72,0,0
BRDA:1031,72,1,0
BRDA:1150,73,0,0
BRDA:1163,74,0,0
BRDA:1163,74,1,0
BRDA:1164,75,0,0
BRDA:1164,75,1,0
BRDA:1165,76,0,0
BRDA:1165,76,1,0
BRDA:1166,77,0,0
BRDA:1166,77,1,0
BRDA:1167,78,0,0
BRDA:1167,78,1,0
BRDA:1167,78,2,0
BRDA:1173,79,0,0
BRDA:1173,79,1,0
BRDA:1185,80,0,0
BRDA:1185,80,1,0
BRDA:1189,81,0,0
BRDA:1189,82,0,0
BRDA:1189,82,1,0
BRDA:1206,83,0,0
BRDA:1225,84,0,0
BRDA:1225,84,1,0
BRDA:1233,85,0,0
BRDA:1233,85,1,0
BRDA:1251,86,0,0
BRDA:1251,86,1,0
BRDA:1255,87,0,0
BRDA:1256,88,0,0
BRDA:1256,88,1,0
BRDA:1258,89,0,0
BRDA:1261,90,0,0
BRDA:1261,90,1,0
BRDA:1265,91,0,0
BRDA:1265,92,0,0
BRDA:1265,92,1,0
BRDA:1268,93,0,0
BRDA:1275,94,0,0
BRDA:1275,94,1,0
BRDA:1275,94,2,0
BRDA:1275,94,3,0
BRDA:1295,95,0,0
BRDA:1295,95,1,0
BRDA:1302,96,0,0
BRDA:1302,96,1,0
BRDA:1309,97,0,0
BRDA:1334,98,0,0
BRDA:1334,98,1,0
BRDA:1343,99,0,0
BRDA:1343,99,1,0
BRDA:1344,100,0,0
BRDA:1344,100,1,0
BRDA:1345,101,0,0
BRDA:1345,101,1,0
BRDA:1364,102,0,0
BRDA:1364,102,1,0
BRDA:1371,103,0,0
BRDA:1371,104,0,0
BRDA:1371,104,1,0
BRDA:1382,105,0,0
BRDA:1398,106,0,0
BRDA:1411,107,0,0
BRDA:1411,107,1,0
BRDA:1418,108,0,0
BRDA:1428,109,0,0
BRDA:1428,109,1,0
BRDA:1429,110,0,0
BRDA:1429,110,1,0
BRDA:1440,111,0,0
BRDA:1453,112,0,0
BRDA:1453,112,1,0
BRDA:1459,113,0,0
BRDA:1459,113,1,0
BRDA:1465,114,0,0
BRDA:1472,115,0,0
BRDA:1474,116,0,0
BRDA:1474,116,1,0
BRDA:1474,117,0,0
BRDA:1474,117,1,0
BRDA:1475,118,0,0
BRDA:1475,119,0,0
BRDA:1475,119,1,0
BRDA:1480,120,0,0
BRDA:1480,120,1,0
BRDA:1487,121,0,0
BRDA:1487,121,1,0
BRDA:1487,122,0,0
BRDA:1487,122,1,0
BRDA:1488,123,0,0
BRDA:1488,124,0,0
BRDA:1488,124,1,0
BRDA:1496,125,0,0
BRDA:1496,125,1,0
BRDA:1504,126,0,0
BRDA:1504,126,1,0
BRDA:1517,127,0,0
BRDA:1517,127,1,0
BRDA:1517,127,2,0
BRDA:1524,128,0,0
BRDA:1524,128,1,0
BRDA:1528,129,0,0
BRDA:1531,130,0,0
BRDA:1538,131,0,0
BRDA:1538,131,1,0
BRDA:1538,131,2,0
BRDA:1538,131,3,0
BRDA:1538,131,4,0
BRDA:1538,131,5,0
BRDA:1555,132,0,0
BRDA:1555,132,1,0
BRDA:1555,132,2,0
BRDA:1555,132,3,0
BRDA:1555,132,4,0
BRDA:1555,132,5,0
BRDA:1598,133,0,0
BRDA:1609,134,0,0
BRDA:1622,135,0,0
BRDA:1622,135,1,0
BRDA:1643,136,0,0
BRDA:1643,136,1,0
BRDA:1672,137,0,0
BRDA:1674,138,0,0
BRDA:1676,139,0,0
BRDA:1684,140,0,0
BRDA:1684,140,1,0
BRDA:1705,141,0,0
BRDA:1705,141,1,0
BRDA:1722,142,0,0
BRDA:1724,143,0,0
BRDA:1725,144,0,0
BRDA:1726,145,0,0
BRDA:1727,146,0,0
BRDA:1735,147,0,0
BRDA:1735,147,1,0
BRDA:1739,148,0,0
BRDA:1739,148,1,0
BRDA:1744,149,0,0
BRDA:1744,149,1,0
BRDA:1745,150,0,0
BRDA:1745,150,1,0
BRDA:1746,151,0,0
BRDA:1746,151,1,0
BRDA:1747,152,0,0
BRDA:1747,152,1,0
BRDA:1749,153,0,0
BRDA:1749,153,1,0
BRDA:1757,154,0,0
BRDA:1757,154,1,0
BRDA:1761,155,0,0
BRDA:1772,156,0,0
BRDA:1777,157,0,0
BRDA:1781,158,0,0
BRDA:1781,158,1,0
BRDA:1781,158,2,0
BRDA:1782,159,0,0
BRDA:1782,159,1,0
BRDA:1782,159,2,0
BRDA:1783,160,0,0
BRDA:1783,160,1,0
BRDA:1783,160,2,0
BRDA:1797,161,0,0
BRDA:1799,162,0,0
BRDA:1799,162,1,0
BRDA:1804,163,0,0
BRDA:1804,163,1,0
BRDA:1816,164,0,0
BRDA:1816,164,1,0
BRDA:1837,165,0,0
BRDA:1847,166,0,0
BRDA:1880,167,0,0
BRDA:1880,167,1,0
BRDA:1886,168,0,0
BRDA:1892,169,0,0
BRDA:1896,170,0,0
BRDA:1902,171,0,0
BRDA:1948,172,0,0
BRDA:1948,172,1,0
BRDA:1952,173,0,0
BRDA:1956,174,0,0
BRDA:1956,174,1,0
BRDA:1956,174,2,0
BRDA:1956,174,3,0
BRDA:1956,174,4,0
BRDA:1992,175,0,0
BRDA:1992,176,0,0
BRDA:1992,176,1,0
BRDA:1999,177,0,0
BRDA:1999,177,1,0
BRDA:2000,178,0,0
BRDA:2000,178,1,0
BRDA:2014,179,0,0
BRDA:2020,180,0,0
BRDA:2020,180,1,0
BRDA:2040,181,0,0
BRDA:2088,182,0,0
BRDA:2088,182,1,0
BRDA:2094,183,0,0
BRDA:2094,183,1,0
BRDA:2104,184,0,0
BRDA:2104,185,0,0
BRDA:2104,185,1,0
BRDA:2107,186,0,0
BRDA:2107,187,0,0
BRDA:2107,187,1,0
BRDA:2107,187,2,0
BRDA:2108,188,0,0
BRDA:2132,189,0,0
BRDA:2132,189,1,0
BRDA:2143,190,0,0
BRDA:2143,190,1,0
BRDA:2143,190,2,0
BRDA:2151,191,0,0
BRDA:2165,192,0,0
BRDA:2194,193,0,0
BRDA:2194,193,1,0
BRDA:2223,194,0,0
BRDA:2223,194,1,0
BRDA:2230,195,0,0
BRDA:2243,196,0,0
BRDA:2243,196,1,0
BRDA:2266,197,0,0
BRDA:2270,198,0,0
BRDA:2270,198,1,0
BRDA:2276,199,0,0
BRDA:2276,199,1,0
BRDA:2284,200,0,0
BRDA:2284,200,1,0
BRDA:2371,201,0,0
BRDA:2371,201,1,0
BRDA:2425,202,0,0
BRDA:2425,202,1,0
BRF:369
BRH:0
end_of_record
TN:
SF:apps/setup-console/src/app/services/setup-client.service.ts
FN:79,(anonymous_0)
FN:81,(anonymous_1)
FN:85,(anonymous_2)
FN:89,(anonymous_3)
FN:98,(anonymous_4)
FN:114,(anonymous_5)
FN:123,(anonymous_6)
FN:134,(anonymous_7)
FN:141,(anonymous_8)
FN:148,(anonymous_9)
FN:159,(anonymous_10)
FN:168,(anonymous_11)
FN:179,(anonymous_12)
FN:189,(anonymous_13)
FN:196,(anonymous_14)
FN:203,(anonymous_15)
FN:210,(anonymous_16)
FN:217,(anonymous_17)
FN:229,(anonymous_18)
FN:235,(anonymous_19)
FN:252,(anonymous_20)
FN:262,(anonymous_21)
FN:267,(anonymous_22)
FN:278,(anonymous_23)
FN:295,(anonymous_24)
FN:302,(anonymous_25)
FN:320,(anonymous_26)
FN:332,(anonymous_27)
FN:350,(anonymous_28)
FN:362,(anonymous_29)
FNF:30
FNH:0
FNDA:0,(anonymous_0)
FNDA:0,(anonymous_1)
FNDA:0,(anonymous_2)
FNDA:0,(anonymous_3)
FNDA:0,(anonymous_4)
FNDA:0,(anonymous_5)
FNDA:0,(anonymous_6)
FNDA:0,(anonymous_7)
FNDA:0,(anonymous_8)
FNDA:0,(anonymous_9)
FNDA:0,(anonymous_10)
FNDA:0,(anonymous_11)
FNDA:0,(anonymous_12)
FNDA:0,(anonymous_13)
FNDA:0,(anonymous_14)
FNDA:0,(anonymous_15)
FNDA:0,(anonymous_16)
FNDA:0,(anonymous_17)
FNDA:0,(anonymous_18)
FNDA:0,(anonymous_19)
FNDA:0,(anonymous_20)
FNDA:0,(anonymous_21)
FNDA:0,(anonymous_22)
FNDA:0,(anonymous_23)
FNDA:0,(anonymous_24)
FNDA:0,(anonymous_25)
FNDA:0,(anonymous_26)
FNDA:0,(anonymous_27)
FNDA:0,(anonymous_28)
FNDA:0,(anonymous_29)
DA:1,1
DA:2,1
DA:76,1
DA:77,0
DA:79,0
DA:82,0
DA:86,0
DA:92,0
DA:107,0
DA:117,0
DA:118,0
DA:127,0
DA:128,0
DA:135,0
DA:136,0
DA:142,0
DA:143,0
DA:153,0
DA:162,0
DA:163,0
DA:172,0
DA:173,0
DA:183,0
DA:190,0
DA:197,0
DA:204,0
DA:211,0
DA:222,0
DA:230,0
DA:242,0
DA:243,0
DA:256,0
DA:263,0
DA:264,0
DA:271,0
DA:272,0
DA:288,0
DA:289,0
DA:296,0
DA:297,0
DA:313,0
DA:314,0
DA:325,0
DA:326,0
DA:342,0
DA:355,0
DA:363,0
LF:47
LH:3
BRDA:117,0,0,0
BRDA:117,0,1,0
BRDA:127,1,0,0
BRDA:127,1,1,0
BRDA:135,2,0,0
BRDA:135,2,1,0
BRDA:142,3,0,0
BRDA:142,3,1,0
BRDA:162,4,0,0
BRDA:162,4,1,0
BRDA:172,5,0,0
BRDA:172,5,1,0
BRDA:242,6,0,0
BRDA:242,6,1,0
BRDA:263,7,0,0
BRDA:263,7,1,0
BRDA:271,8,0,0
BRDA:271,8,1,0
BRDA:288,9,0,0
BRDA:288,9,1,0
BRDA:296,10,0,0
BRDA:296,10,1,0
BRDA:313,11,0,0
BRDA:313,11,1,0
BRDA:325,12,0,0
BRDA:325,12,1,0
BRF:26
BRH:0
end_of_record
TN:
SF:apps/setup-console/src/server/email-setup.ts
FN:9,buildSmtpTransportOptions
FNF:1
FNH:1
FNDA:1,buildSmtpTransportOptions
DA:9,2
DA:10,1
DA:11,1
DA:12,0
DA:15,1
LF:5
LH:4
BRDA:10,0,0,1
BRDA:10,0,1,0
BRDA:11,1,0,0
BRDA:11,2,0,1
BRDA:11,2,1,1
BRDA:11,2,2,1
BRDA:16,3,0,1
BRDA:16,3,1,0
BRDA:18,4,0,1
BRDA:18,4,1,0
BRDA:20,5,0,1
BRDA:20,5,1,0
BRDA:21,6,0,1
BRDA:21,6,1,0
BRF:14
BRH:8
end_of_record
TN:
SF:apps/setup-console/src/server/setup.service.ts
FN:183,(anonymous_0)
FN:210,(anonymous_1)
FN:214,(anonymous_2)
FN:220,(anonymous_3)
FN:224,(anonymous_4)
FN:228,(anonymous_5)
FN:236,(anonymous_6)
FN:249,(anonymous_7)
FN:262,(anonymous_8)
FN:267,(anonymous_9)
FN:272,(anonymous_10)
FN:280,(anonymous_11)
FN:290,(anonymous_12)
FN:301,(anonymous_13)
FN:375,(anonymous_14)
FN:383,(anonymous_15)
FN:384,(anonymous_16)
FN:398,(anonymous_17)
FN:411,(anonymous_18)
FN:415,(anonymous_19)
FN:419,(anonymous_20)
FN:425,(anonymous_21)
FN:431,(anonymous_22)
FN:436,(anonymous_23)
FN:452,(anonymous_24)
FN:498,(anonymous_25)
FN:502,(anonymous_26)
FN:516,(anonymous_27)
FN:562,(anonymous_28)
FN:572,(anonymous_29)
FN:576,(anonymous_30)
FN:587,(anonymous_31)
FN:600,(anonymous_32)
FN:623,(anonymous_33)
FN:653,(anonymous_34)
FN:657,(anonymous_35)
FN:659,(anonymous_36)
FN:664,(anonymous_37)
FN:668,(anonymous_38)
FN:710,(anonymous_39)
FN:719,(anonymous_40)
FN:727,(anonymous_41)
FN:730,(anonymous_42)
FN:733,(anonymous_43)
FN:738,(anonymous_44)
FN:742,(anonymous_45)
FN:762,(anonymous_46)
FN:776,(anonymous_47)
FN:787,(anonymous_48)
FN:796,(anonymous_49)
FN:816,(anonymous_50)
FN:823,(anonymous_51)
FN:836,(anonymous_52)
FN:848,(anonymous_53)
FN:860,(anonymous_54)
FN:865,(anonymous_55)
FN:870,(anonymous_56)
FN:874,(anonymous_57)
FN:898,(anonymous_58)
FN:921,(anonymous_59)
FN:922,(anonymous_60)
FN:932,(anonymous_61)
FN:949,(anonymous_62)
FN:970,(anonymous_63)
FN:1021,(anonymous_64)
FN:1096,(anonymous_65)
FN:1144,(anonymous_66)
FN:1214,(anonymous_67)
FN:1271,(anonymous_68)
FN:1290,(anonymous_69)
FN:1291,(anonymous_70)
FN:1325,(anonymous_71)
FN:1343,(anonymous_72)
FN:1350,(anonymous_73)
FN:1380,(anonymous_74)
FN:1397,(anonymous_75)
FN:1405,(anonymous_76)
FN:1408,(anonymous_77)
FN:1409,(anonymous_78)
FN:1415,(anonymous_79)
FN:1453,(anonymous_80)
FN:1465,(anonymous_81)
FN:1470,(anonymous_82)
FN:1507,(anonymous_83)
FN:1520,(anonymous_84)
FN:1539,(anonymous_85)
FN:1541,(anonymous_86)
FN:1550,(anonymous_87)
FN:1578,(anonymous_88)
FN:1588,(anonymous_89)
FN:1599,(anonymous_90)
FN:1659,(anonymous_91)
FN:1679,(anonymous_92)
FN:1730,(anonymous_93)
FN:1770,(anonymous_94)
FN:1782,(anonymous_95)
FN:1785,(anonymous_96)
FN:1786,(anonymous_97)
FN:1788,(anonymous_98)
FN:1795,(anonymous_99)
FN:1805,(anonymous_100)
FN:1883,(anonymous_101)
FN:1891,(anonymous_102)
FN:1897,(anonymous_103)
FN:1907,(anonymous_104)
FN:1923,(anonymous_105)
FN:1925,(anonymous_106)
FN:1953,(anonymous_107)
FN:1957,(anonymous_108)
FN:1958,(anonymous_109)
FN:1963,(anonymous_110)
FN:1964,(anonymous_111)
FN:1986,(anonymous_112)
FN:1993,(anonymous_113)
FN:1999,(anonymous_114)
FN:2000,(anonymous_115)
FN:2025,(anonymous_116)
FN:2027,(anonymous_117)
FN:2028,(anonymous_118)
FN:2029,(anonymous_119)
FN:2034,(anonymous_120)
FN:2047,(anonymous_121)
FN:2051,(anonymous_122)
FN:2061,(anonymous_123)
FN:2069,(anonymous_124)
FN:2076,(anonymous_125)
FN:2126,(anonymous_126)
FN:2149,(anonymous_127)
FN:2178,(anonymous_128)
FN:2184,(anonymous_129)
FN:2206,(anonymous_130)
FN:2217,(anonymous_131)
FN:2221,(anonymous_132)
FN:2235,(anonymous_133)
FN:2239,(anonymous_134)
FN:2255,(anonymous_135)
FN:2260,(anonymous_136)
FN:2291,(anonymous_137)
FN:2296,(anonymous_138)
FN:2324,(anonymous_139)
FN:2328,(anonymous_140)
FN:2350,(anonymous_141)
FN:2353,(anonymous_142)
FN:2362,(anonymous_143)
FN:2372,(anonymous_144)
FN:2373,(anonymous_145)
FN:2375,(anonymous_146)
FN:2376,(anonymous_147)
FN:2436,(anonymous_148)
FN:2449,(anonymous_149)
FN:2500,(anonymous_150)
FN:2504,(anonymous_151)
FN:2508,(anonymous_152)
FN:2510,(anonymous_153)
FN:2514,(anonymous_154)
FN:2540,(anonymous_155)
FN:2556,(anonymous_156)
FN:2559,(anonymous_157)
FN:2562,(anonymous_158)
FN:2566,(anonymous_159)
FN:2572,(anonymous_160)
FN:2576,(anonymous_161)
FN:2596,(anonymous_162)
FN:2599,(anonymous_163)
FN:2604,(anonymous_164)
FN:2618,(anonymous_165)
FN:2639,(anonymous_166)
FN:2650,(anonymous_167)
FN:2660,(anonymous_168)
FN:2670,(anonymous_169)
FN:2680,(anonymous_170)
FN:2689,(anonymous_171)
FNF:172
FNH:133
FNDA:17,(anonymous_0)
FNDA:3,(anonymous_1)
FNDA:33,(anonymous_2)
FNDA:9,(anonymous_3)
FNDA:13,(anonymous_4)
FNDA:14,(anonymous_5)
FNDA:8,(anonymous_6)
FNDA:1,(anonymous_7)
FNDA:2,(anonymous_8)
FNDA:34,(anonymous_9)
FNDA:1,(anonymous_10)
FNDA:5,(anonymous_11)
FNDA:1,(anonymous_12)
FNDA:1,(anonymous_13)
FNDA:1,(anonymous_14)
FNDA:2,(anonymous_15)
FNDA:2,(anonymous_16)
FNDA:0,(anonymous_17)
FNDA:0,(anonymous_18)
FNDA:0,(anonymous_19)
FNDA:0,(anonymous_20)
FNDA:0,(anonymous_21)
FNDA:0,(anonymous_22)
FNDA:0,(anonymous_23)
FNDA:2,(anonymous_24)
FNDA:6,(anonymous_25)
FNDA:2,(anonymous_26)
FNDA:1,(anonymous_27)
FNDA:2,(anonymous_28)
FNDA:3,(anonymous_29)
FNDA:2,(anonymous_30)
FNDA:0,(anonymous_31)
FNDA:0,(anonymous_32)
FNDA:0,(anonymous_33)
FNDA:2,(anonymous_34)
FNDA:12,(anonymous_35)
FNDA:34,(anonymous_36)
FNDA:1,(anonymous_37)
FNDA:18,(anonymous_38)
FNDA:108,(anonymous_39)
FNDA:306,(anonymous_40)
FNDA:42,(anonymous_41)
FNDA:158,(anonymous_42)
FNDA:21,(anonymous_43)
FNDA:37,(anonymous_44)
FNDA:11,(anonymous_45)
FNDA:4,(anonymous_46)
FNDA:9,(anonymous_47)
FNDA:21,(anonymous_48)
FNDA:1,(anonymous_49)
FNDA:0,(anonymous_50)
FNDA:0,(anonymous_51)
FNDA:0,(anonymous_52)
FNDA:0,(anonymous_53)
FNDA:0,(anonymous_54)
FNDA:0,(anonymous_55)
FNDA:0,(anonymous_56)
FNDA:0,(anonymous_57)
FNDA:1,(anonymous_58)
FNDA:2,(anonymous_59)
FNDA:2,(anonymous_60)
FNDA:1,(anonymous_61)
FNDA:1,(anonymous_62)
FNDA:0,(anonymous_63)
FNDA:1,(anonymous_64)
FNDA:0,(anonymous_65)
FNDA:0,(anonymous_66)
FNDA:0,(anonymous_67)
FNDA:1,(anonymous_68)
FNDA:3,(anonymous_69)
FNDA:2,(anonymous_70)
FNDA:0,(anonymous_71)
FNDA:0,(anonymous_72)
FNDA:0,(anonymous_73)
FNDA:0,(anonymous_74)
FNDA:2,(anonymous_75)
FNDA:0,(anonymous_76)
FNDA:0,(anonymous_77)
FNDA:0,(anonymous_78)
FNDA:1,(anonymous_79)
FNDA:3,(anonymous_80)
FNDA:3,(anonymous_81)
FNDA:1,(anonymous_82)
FNDA:5,(anonymous_83)
FNDA:4,(anonymous_84)
FNDA:3,(anonymous_85)
FNDA:3,(anonymous_86)
FNDA:3,(anonymous_87)
FNDA:15,(anonymous_88)
FNDA:2,(anonymous_89)
FNDA:1,(anonymous_90)
FNDA:1,(anonymous_91)
FNDA:0,(anonymous_92)
FNDA:1,(anonymous_93)
FNDA:1,(anonymous_94)
FNDA:0,(anonymous_95)
FNDA:0,(anonymous_96)
FNDA:0,(anonymous_97)
FNDA:0,(anonymous_98)
FNDA:0,(anonymous_99)
FNDA:0,(anonymous_100)
FNDA:10,(anonymous_101)
FNDA:2,(anonymous_102)
FNDA:5,(anonymous_103)
FNDA:2,(anonymous_104)
FNDA:12,(anonymous_105)
FNDA:48,(anonymous_106)
FNDA:21,(anonymous_107)
FNDA:9,(anonymous_108)
FNDA:11,(anonymous_109)
FNDA:21,(anonymous_110)
FNDA:21,(anonymous_111)
FNDA:21,(anonymous_112)
FNDA:12,(anonymous_113)
FNDA:21,(anonymous_114)
FNDA:21,(anonymous_115)
FNDA:2,(anonymous_116)
FNDA:2,(anonymous_117)
FNDA:0,(anonymous_118)
FNDA:0,(anonymous_119)
FNDA:48,(anonymous_120)
FNDA:14,(anonymous_121)
FNDA:42,(anonymous_122)
FNDA:6,(anonymous_123)
FNDA:2,(anonymous_124)
FNDA:1,(anonymous_125)
FNDA:6,(anonymous_126)
FNDA:4,(anonymous_127)
FNDA:4,(anonymous_128)
FNDA:4,(anonymous_129)
FNDA:2,(anonymous_130)
FNDA:1,(anonymous_131)
FNDA:12,(anonymous_132)
FNDA:9,(anonymous_133)
FNDA:12,(anonymous_134)
FNDA:12,(anonymous_135)
FNDA:11,(anonymous_136)
FNDA:7,(anonymous_137)
FNDA:21,(anonymous_138)
FNDA:6,(anonymous_139)
FNDA:44,(anonymous_140)
FNDA:49,(anonymous_141)
FNDA:42,(anonymous_142)
FNDA:2,(anonymous_143)
FNDA:5,(anonymous_144)
FNDA:0,(anonymous_145)
FNDA:12,(anonymous_146)
FNDA:19,(anonymous_147)
FNDA:2,(anonymous_148)
FNDA:2,(anonymous_149)
FNDA:12,(anonymous_150)
FNDA:8,(anonymous_151)
FNDA:17,(anonymous_152)
FNDA:93,(anonymous_153)
FNDA:8,(anonymous_154)
FNDA:8,(anonymous_155)
FNDA:9,(anonymous_156)
FNDA:20,(anonymous_157)
FNDA:5,(anonymous_158)
FNDA:4,(anonymous_159)
FNDA:2,(anonymous_160)
FNDA:6,(anonymous_161)
FNDA:2,(anonymous_162)
FNDA:4,(anonymous_163)
FNDA:4,(anonymous_164)
FNDA:4,(anonymous_165)
FNDA:4,(anonymous_166)
FNDA:4,(anonymous_167)
FNDA:4,(anonymous_168)
FNDA:4,(anonymous_169)
FNDA:17,(anonymous_170)
FNDA:2,(anonymous_171)
DA:1,1
DA:2,1
DA:3,1
DA:4,1
DA:5,1
DA:6,1
DA:7,1
DA:8,1
DA:27,1
DA:40,1
DA:58,1
DA:68,1
DA:94,1
DA:104,1
DA:112,1
DA:171,1
DA:184,17
DA:185,17
DA:188,17
DA:189,17
DA:190,17
DA:191,17
DA:195,17
DA:199,17
DA:203,17
DA:207,17
DA:211,3
DA:215,33
DA:221,9
DA:225,13
DA:229,14
DA:230,11
DA:233,3
DA:237,8
DA:238,4
DA:243,4
DA:250,1
DA:256,1
DA:257,1
DA:258,0
DA:259,1
DA:263,2
DA:264,2
DA:268,34
DA:269,34
DA:273,1
DA:274,1
DA:275,1
DA:277,1
DA:281,5
DA:285,0
DA:287,5
DA:291,1
DA:292,1
DA:295,0
DA:297,1
DA:306,1
DA:307,1
DA:308,1
DA:309,1
DA:311,1
DA:316,1
DA:321,1
DA:327,1
DA:328,0
DA:331,1
DA:332,1
DA:338,1
DA:339,0
DA:340,0
DA:344,0
DA:345,0
DA:346,0
DA:347,0
DA:352,0
DA:358,1
DA:359,0
DA:362,1
DA:363,1
DA:364,1
DA:371,0
DA:379,1
DA:380,1
DA:383,2
DA:384,2
DA:387,1
DA:388,1
DA:389,0
DA:392,1
DA:399,0
DA:400,0
DA:401,0
DA:404,0
DA:405,0
DA:411,0
DA:415,0
DA:419,0
DA:425,0
DA:431,0
DA:436,0
DA:446,0
DA:447,0
DA:448,0
DA:449,0
DA:457,2
DA:458,2
DA:459,0
DA:463,2
DA:465,2
DA:466,0
DA:469,2
DA:474,2
DA:475,2
DA:482,2
DA:489,2
DA:490,2
DA:492,2
DA:499,6
DA:506,2
DA:507,2
DA:508,2
DA:509,2
DA:519,1
DA:520,1
DA:522,1
DA:523,1
DA:562,2
DA:563,2
DA:566,1
DA:573,3
DA:580,2
DA:588,0
DA:589,0
DA:611,0
DA:612,0
DA:614,0
DA:615,0
DA:616,0
DA:617,0
DA:618,0
DA:619,0
DA:620,0
DA:628,0
DA:629,0
DA:632,0
DA:633,0
DA:634,0
DA:643,0
DA:650,0
DA:654,2
DA:657,12
DA:659,34
DA:665,1
DA:669,18
DA:715,108
DA:719,306
DA:730,158
DA:737,21
DA:738,37
DA:747,11
DA:748,11
DA:749,11
DA:750,11
DA:751,11
DA:752,11
DA:753,11
DA:755,11
DA:756,11
DA:757,11
DA:759,11
DA:763,4
DA:764,4
DA:765,0
DA:767,4
DA:770,4
DA:771,4
DA:773,4
DA:780,9
DA:781,9
DA:782,9
DA:784,9
DA:785,9
DA:787,21
DA:789,3
DA:790,6
DA:791,6
DA:793,9
DA:801,1
DA:802,1
DA:803,1
DA:804,1
DA:805,1
DA:806,1
DA:807,1
DA:809,1
DA:810,1
DA:811,1
DA:813,1
DA:823,0
DA:824,0
DA:832,0
DA:833,0
DA:834,0
DA:836,0
DA:837,0
DA:838,0
DA:839,0
DA:841,0
DA:842,0
DA:843,0
DA:845,0
DA:848,0
DA:852,0
DA:853,0
DA:854,0
DA:855,0
DA:857,0
DA:860,0
DA:861,0
DA:862,0
DA:865,0
DA:866,0
DA:867,0
DA:870,0
DA:871,0
DA:874,0
DA:875,0
DA:876,0
DA:878,0
DA:879,0
DA:881,0
DA:882,0
DA:883,0
DA:886,0
DA:889,0
DA:899,1
DA:900,1
DA:901,1
DA:906,1
DA:912,1
DA:916,0
DA:919,1
DA:921,2
DA:923,2
DA:924,2
DA:925,2
DA:933,1
DA:934,1
DA:936,0
DA:939,1
DA:955,1
DA:956,1
DA:957,1
DA:962,1
DA:964,1
DA:965,1
DA:967,1
DA:974,0
DA:975,0
DA:976,0
DA:978,0
DA:979,0
DA:984,0
DA:985,0
DA:991,0
DA:992,0
DA:1007,0
DA:1008,0
DA:1013,0
DA:1014,0
DA:1022,1
DA:1023,1
DA:1024,1
DA:1025,1
DA:1026,1
DA:1027,1
DA:1032,1
DA:1033,1
DA:1038,1
DA:1039,1
DA:1045,1
DA:1046,1
DA:1051,1
DA:1054,0
DA:1055,0
DA:1070,0
DA:1071,0
DA:1072,0
DA:1076,0
DA:1077,0
DA:1078,0
DA:1079,0
DA:1083,0
DA:1096,0
DA:1099,0
DA:1105,0
DA:1106,0
DA:1111,0
DA:1112,0
DA:1113,0
DA:1121,0
DA:1122,0
DA:1123,0
DA:1124,0
DA:1129,0
DA:1130,0
DA:1135,0
DA:1140,0
DA:1145,0
DA:1146,0
DA:1151,0
DA:1152,0
DA:1157,0
DA:1158,0
DA:1163,0
DA:1166,0
DA:1167,0
DA:1185,0
DA:1186,0
DA:1191,0
DA:1192,0
DA:1194,0
DA:1195,0
DA:1196,0
DA:1197,0
DA:1202,0
DA:1203,0
DA:1205,0
DA:1210,0
DA:1215,0
DA:1216,0
DA:1217,0
DA:1218,0
DA:1223,0
DA:1224,0
DA:1226,0
DA:1227,0
DA:1228,0
DA:1246,0
DA:1251,0
DA:1252,0
DA:1253,0
DA:1260,0
DA:1261,0
DA:1266,0
DA:1268,0
DA:1272,1
DA:1273,1
DA:1278,1
DA:1279,0
DA:1284,0
DA:1287,1
DA:1288,1
DA:1289,1
DA:1290,3
DA:1291,2
DA:1292,1
DA:1293,1
DA:1299,1
DA:1300,0
DA:1303,1
DA:1304,1
DA:1307,1
DA:1311,1
DA:1315,1
DA:1316,1
DA:1320,1
DA:1325,0
DA:1328,1
DA:1332,1
DA:1343,0
DA:1346,0
DA:1350,0
DA:1354,1
DA:1355,1
DA:1360,1
DA:1361,1
DA:1362,1
DA:1370,0
DA:1371,0
DA:1376,0
DA:1385,0
DA:1386,0
DA:1388,0
DA:1389,0
DA:1391,0
DA:1392,0
DA:1394,0
DA:1398,2
DA:1399,2
DA:1401,0
DA:1406,0
DA:1407,0
DA:1408,0
DA:1409,0
DA:1411,0
DA:1425,1
DA:1437,1
DA:1438,0
DA:1439,0
DA:1444,1
DA:1445,1
DA:1458,3
DA:1466,3
DA:1467,3
DA:1468,3
DA:1471,1
DA:1476,3
DA:1481,3
DA:1482,0
DA:1484,3
DA:1485,2
DA:1496,1
DA:1512,5
DA:1513,3
DA:1514,3
DA:1516,0
DA:1521,4
DA:1522,4
DA:1528,3
DA:1529,0
DA:1531,3
DA:1532,3
DA:1538,3
DA:1539,3
DA:1543,3
DA:1546,1
DA:1553,3
DA:1554,0
DA:1556,3
DA:1557,3
DA:1558,3
DA:1559,0
DA:1561,3
DA:1562,3
DA:1563,3
DA:1568,3
DA:1571,3
DA:1579,15
DA:1580,21
DA:1581,21
DA:1582,11
DA:1585,4
DA:1589,2
DA:1594,2
DA:1595,2
DA:1596,1
DA:1598,1
DA:1600,1
DA:1604,1
DA:1605,1
DA:1612,0
DA:1613,0
DA:1619,0
DA:1620,0
DA:1621,0
DA:1623,0
DA:1624,0
DA:1627,1
DA:1628,1
DA:1633,1
DA:1634,1
DA:1636,0
DA:1637,0
DA:1638,0
DA:1640,1
DA:1641,1
DA:1646,1
DA:1647,1
DA:1652,1
DA:1653,1
DA:1654,1
DA:1656,1
DA:1660,1
DA:1671,1
DA:1672,0
DA:1673,0
DA:1689,0
DA:1690,0
DA:1691,0
DA:1692,0
DA:1693,0
DA:1695,0
DA:1696,0
DA:1697,0
DA:1698,0
DA:1700,0
DA:1701,0
DA:1702,0
DA:1703,0
DA:1704,0
DA:1706,0
DA:1707,0
DA:1709,0
DA:1710,0
DA:1711,0
DA:1712,0
DA:1713,0
DA:1714,0
DA:1715,0
DA:1737,1
DA:1738,1
DA:1739,1
DA:1741,1
DA:1742,4
DA:1743,4
DA:1745,4
DA:1769,1
DA:1770,1
DA:1773,1
DA:1783,0
DA:1784,0
DA:1785,0
DA:1786,0
DA:1787,0
DA:1788,0
DA:1791,0
DA:1795,0
DA:1819,0
DA:1820,0
DA:1821,0
DA:1822,0
DA:1823,0
DA:1824,0
DA:1825,0
DA:1827,0
DA:1828,0
DA:1833,0
DA:1834,0
DA:1835,0
DA:1838,0
DA:1839,0
DA:1845,0
DA:1846,0
DA:1847,0
DA:1848,0
DA:1849,0
DA:1850,0
DA:1851,0
DA:1854,0
DA:1855,0
DA:1856,0
DA:1859,0
DA:1860,0
DA:1865,0
DA:1866,0
DA:1867,0
DA:1870,0
DA:1884,10
DA:1888,10
DA:1894,2
DA:1898,5
DA:1899,5
DA:1900,0
DA:1902,5
DA:1911,2
DA:1912,2
DA:1913,2
DA:1914,0
DA:1916,2
DA:1919,0
DA:1920,0
DA:1924,12
DA:1925,48
DA:1931,12
DA:1953,21
DA:1957,9
DA:1958,11
DA:1962,12
DA:1963,21
DA:1964,21
DA:1966,12
DA:1967,9
DA:1980,12
DA:1981,12
DA:1986,12
DA:1987,21
DA:1990,12
DA:1998,12
DA:1999,21
DA:2000,21
DA:2002,12
DA:2027,2
DA:2028,0
DA:2029,0
DA:2031,2
DA:2038,48
DA:2039,48
DA:2050,14
DA:2051,42
DA:2057,14
DA:2061,6
DA:2073,2
DA:2074,2
DA:2075,2
DA:2076,1
DA:2079,2
DA:2080,12
DA:2081,0
DA:2084,12
DA:2085,12
DA:2086,3
DA:2087,1
DA:2093,2
DA:2094,2
DA:2099,3
DA:2102,9
DA:2103,2
DA:2104,2
DA:2107,7
DA:2108,1
DA:2109,1
DA:2112,6
DA:2113,2
DA:2116,4
DA:2117,4
DA:2120,0
DA:2123,2
DA:2132,6
DA:2133,6
DA:2134,1
DA:2135,1
DA:2137,5
DA:2138,1
DA:2139,1
DA:2141,4
DA:2142,0
DA:2143,0
DA:2146,4
DA:2154,4
DA:2155,4
DA:2160,4
DA:2161,4
DA:2162,4
DA:2163,4
DA:2164,4
DA:2167,0
DA:2168,0
DA:2169,0
DA:2170,0
DA:2171,0
DA:2172,0
DA:2175,0
DA:2183,4
DA:2184,4
DA:2185,4
DA:2186,4
DA:2189,0
DA:2202,0
DA:2203,0
DA:2210,2
DA:2211,2
DA:2212,0
DA:2214,2
DA:2218,1
DA:2222,12
DA:2223,39
DA:2224,39
DA:2229,3
DA:2232,9
DA:2236,9
DA:2242,12
DA:2243,12
DA:2244,21
DA:2245,21
DA:2246,10
DA:2248,21
DA:2249,11
DA:2252,12
DA:2259,12
DA:2260,11
DA:2263,12
DA:2264,4
DA:2278,12
DA:2279,4
DA:2291,12
DA:2292,7
DA:2300,21
DA:2302,21
DA:2305,21
DA:2306,11
DA:2309,10
DA:2318,10
DA:2325,6
DA:2329,44
DA:2330,44
DA:2350,49
DA:2354,42
DA:2355,42
DA:2356,0
DA:2359,42
DA:2363,2
DA:2364,2
DA:2365,2
DA:2366,2
DA:2367,2
DA:2368,2
DA:2369,2
DA:2372,5
DA:2373,0
DA:2375,12
DA:2376,19
DA:2378,2
DA:2379,2
DA:2385,2
DA:2386,0
DA:2393,2
DA:2394,12
DA:2395,4
DA:2398,8
DA:2399,8
DA:2410,8
DA:2411,3
DA:2420,5
DA:2424,2
DA:2437,2
DA:2439,2
DA:2440,2
DA:2441,12
DA:2442,12
DA:2443,12
DA:2446,2
DA:2450,2
DA:2453,2
DA:2454,0
DA:2457,2
DA:2458,2
DA:2459,2
DA:2460,2
DA:2461,497
DA:2462,497
DA:2463,497
DA:2464,6
DA:2465,6
DA:2466,2
DA:2467,2
DA:2472,2
DA:2473,2
DA:2474,2
DA:2475,2
DA:2476,31
DA:2477,31
DA:2478,27
DA:2479,4
DA:2480,4
DA:2483,23
DA:2484,23
DA:2485,0
DA:2488,23
DA:2489,23
DA:2490,4
DA:2491,4
DA:2494,19
DA:2497,2
DA:2501,12
DA:2505,8
DA:2509,17
DA:2510,93
DA:2517,8
DA:2518,0
DA:2520,8
DA:2521,8
DA:2526,1
DA:2528,7
DA:2529,0
DA:2531,7
DA:2532,0
DA:2534,7
DA:2535,1
DA:2537,6
DA:2541,8
DA:2542,1
DA:2544,7
DA:2545,0
DA:2547,7
DA:2548,0
DA:2550,7
DA:2551,1
DA:2553,6
DA:2557,9
DA:2559,20
DA:2563,5
DA:2567,4
DA:2568,4
DA:2569,4
DA:2573,2
DA:2577,6
DA:2578,6
DA:2579,25
DA:2580,25
DA:2581,20
DA:2582,20
DA:2583,20
DA:2584,20
DA:2588,0
DA:2590,20
DA:2593,6
DA:2597,2
DA:2599,4
DA:2609,4
DA:2610,3
DA:2612,1
DA:2613,1
DA:2615,0
DA:2623,4
DA:2624,3
DA:2626,1
DA:2627,1
DA:2628,0
DA:2630,1
DA:2631,0
DA:2633,1
DA:2634,0
DA:2636,1
DA:2640,4
DA:2647,4
DA:2651,4
DA:2657,4
DA:2661,4
DA:2667,4
DA:2671,4
DA:2677,4
DA:2682,17
DA:2686,17
DA:2690,2
LF:825
LH:521
BRDA:184,0,0,17
BRDA:184,0,1,0
BRDA:186,1,0,17
BRDA:186,1,1,0
BRDA:188,2,0,17
BRDA:188,2,1,0
BRDA:204,3,0,1
BRDA:204,3,1,16
BRDA:215,4,0,0
BRDA:215,4,1,33
BRDA:229,5,0,11
BRDA:229,6,0,14
BRDA:229,6,1,6
BRDA:237,7,0,4
BRDA:237,8,0,8
BRDA:237,8,1,6
BRDA:238,9,0,0
BRDA:238,9,1,4
BRDA:256,10,0,0
BRDA:257,11,0,0
BRDA:269,12,0,0
BRDA:269,12,1,34
BRDA:269,13,0,34
BRDA:269,13,1,0
BRDA:281,14,0,0
BRDA:282,15,0,5
BRDA:282,15,1,5
BRDA:313,16,0,1
BRDA:313,16,1,0
BRDA:314,17,0,1
BRDA:314,17,1,0
BRDA:318,18,0,1
BRDA:318,18,1,0
BRDA:319,19,0,1
BRDA:319,19,1,0
BRDA:323,20,0,1
BRDA:323,20,1,0
BRDA:324,21,0,1
BRDA:324,21,1,0
BRDA:327,22,0,0
BRDA:327,23,0,1
BRDA:327,23,1,1
BRDA:334,24,0,0
BRDA:334,24,1,1
BRDA:335,25,0,0
BRDA:335,25,1,1
BRDA:338,26,0,0
BRDA:338,27,0,1
BRDA:338,27,1,0
BRDA:338,27,2,0
BRDA:344,28,0,0
BRDA:346,29,0,0
BRDA:346,30,0,0
BRDA:346,30,1,0
BRDA:358,31,0,0
BRDA:358,32,0,1
BRDA:358,32,1,1
BRDA:366,33,0,1
BRDA:366,33,1,0
BRDA:368,34,0,1
BRDA:368,34,1,0
BRDA:380,35,0,1
BRDA:380,35,1,0
BRDA:388,36,0,0
BRDA:400,37,0,0
BRDA:413,38,0,0
BRDA:413,38,1,0
BRDA:425,39,0,0
BRDA:425,39,1,0
BRDA:426,40,0,0
BRDA:426,40,1,0
BRDA:441,41,0,0
BRDA:441,41,1,0
BRDA:458,42,0,0
BRDA:463,43,0,2
BRDA:463,43,1,0
BRDA:465,44,0,0
BRDA:482,45,0,2
BRDA:482,45,1,0
BRDA:508,46,0,0
BRDA:527,47,0,0
BRDA:527,47,1,1
BRDA:590,48,0,0
BRDA:590,48,1,0
BRDA:591,49,0,0
BRDA:591,49,1,0
BRDA:592,50,0,0
BRDA:592,50,1,0
BRDA:593,51,0,0
BRDA:593,51,1,0
BRDA:595,52,0,0
BRDA:595,52,1,0
BRDA:596,53,0,0
BRDA:596,53,1,0
BRDA:613,54,0,0
BRDA:613,54,1,0
BRDA:614,55,0,0
BRDA:614,55,1,0
BRDA:617,56,0,0
BRDA:618,57,0,0
BRDA:618,57,1,0
BRDA:633,58,0,0
BRDA:633,58,1,0
BRDA:633,58,2,0
BRDA:635,59,0,0
BRDA:635,59,1,0
BRDA:752,60,0,11
BRDA:756,61,0,11
BRDA:762,62,0,0
BRDA:764,63,0,0
BRDA:770,64,0,4
BRDA:781,65,0,9
BRDA:785,66,0,3
BRDA:785,66,1,6
BRDA:786,67,0,9
BRDA:786,67,1,9
BRDA:790,68,0,6
BRDA:806,69,0,1
BRDA:810,70,0,1
BRDA:825,71,0,0
BRDA:825,71,1,0
BRDA:828,72,0,0
BRDA:828,72,1,0
BRDA:838,73,0,0
BRDA:842,74,0,0
BRDA:853,75,0,0
BRDA:853,75,1,0
BRDA:875,76,0,0
BRDA:878,77,0,0
BRDA:881,78,0,0
BRDA:886,79,0,0
BRDA:886,79,1,0
BRDA:891,80,0,0
BRDA:891,80,1,0
BRDA:899,81,0,1
BRDA:899,81,1,0
BRDA:901,82,0,1
BRDA:901,82,1,0
BRDA:906,83,0,1
BRDA:906,83,1,0
BRDA:906,84,0,1
BRDA:906,84,1,1
BRDA:908,85,0,0
BRDA:908,85,1,0
BRDA:912,86,0,0
BRDA:913,87,0,1
BRDA:913,87,1,1
BRDA:933,88,0,1
BRDA:934,89,0,0
BRDA:934,89,1,1
BRDA:942,90,0,1
BRDA:942,90,1,0
BRDA:955,91,0,1
BRDA:955,91,1,0
BRDA:956,92,0,1
BRDA:956,92,1,0
BRDA:978,93,0,0
BRDA:984,94,0,0
BRDA:1010,95,0,0
BRDA:1010,95,1,0
BRDA:1013,96,0,0
BRDA:1013,96,1,0
BRDA:1045,97,0,1
BRDA:1071,98,0,0
BRDA:1071,98,1,0
BRDA:1076,99,0,0
BRDA:1078,100,0,0
BRDA:1078,100,1,0
BRDA:1116,101,0,0
BRDA:1116,101,1,0
BRDA:1121,102,0,0
BRDA:1121,102,1,0
BRDA:1122,103,0,0
BRDA:1122,104,0,0
BRDA:1122,104,1,0
BRDA:1157,105,0,0
BRDA:1192,106,0,0
BRDA:1192,106,1,0
BRDA:1194,107,0,0
BRDA:1194,107,1,0
BRDA:1195,108,0,0
BRDA:1195,109,0,0
BRDA:1195,109,1,0
BRDA:1226,110,0,0
BRDA:1226,111,0,0
BRDA:1226,111,1,0
BRDA:1251,112,0,0
BRDA:1278,113,0,0
BRDA:1289,114,0,1
BRDA:1289,114,1,0
BRDA:1299,115,0,0
BRDA:1303,116,0,1
BRDA:1303,116,1,0
BRDA:1305,117,0,1
BRDA:1305,117,1,0
BRDA:1365,118,0,1
BRDA:1365,118,1,0
BRDA:1370,119,0,0
BRDA:1370,119,1,0
BRDA:1386,120,0,0
BRDA:1389,121,0,0
BRDA:1392,122,0,0
BRDA:1399,123,0,2
BRDA:1399,123,1,0
BRDA:1407,124,0,0
BRDA:1407,124,1,0
BRDA:1437,125,0,0
BRDA:1446,126,0,1
BRDA:1446,126,1,1
BRDA:1446,126,2,0
BRDA:1447,127,0,1
BRDA:1447,127,1,1
BRDA:1468,128,0,2
BRDA:1468,128,1,1
BRDA:1469,129,0,2
BRDA:1469,129,1,1
BRDA:1476,130,0,3
BRDA:1476,130,1,2
BRDA:1477,131,0,1
BRDA:1477,131,1,1
BRDA:1479,132,0,1
BRDA:1479,132,1,1
BRDA:1481,133,0,0
BRDA:1481,134,0,3
BRDA:1481,134,1,1
BRDA:1484,135,0,2
BRDA:1489,136,0,1
BRDA:1489,136,1,1
BRDA:1497,137,0,1
BRDA:1497,137,1,0
BRDA:1498,138,0,1
BRDA:1498,138,1,0
BRDA:1512,139,0,2
BRDA:1528,140,0,0
BRDA:1532,141,0,3
BRDA:1532,141,1,0
BRDA:1534,142,0,0
BRDA:1534,142,1,0
BRDA:1543,143,0,3
BRDA:1543,143,1,3
BRDA:1553,144,0,0
BRDA:1553,145,0,3
BRDA:1553,145,1,3
BRDA:1558,146,0,0
BRDA:1568,147,0,3
BRDA:1568,147,1,2
BRDA:1568,147,2,0
BRDA:1572,148,0,3
BRDA:1572,148,1,0
BRDA:1581,149,0,11
BRDA:1581,150,0,21
BRDA:1581,150,1,11
BRDA:1595,151,0,1
BRDA:1598,152,0,1
BRDA:1598,152,1,0
BRDA:1604,153,0,1
BRDA:1619,154,0,0
BRDA:1619,154,1,0
BRDA:1636,155,0,0
BRDA:1636,155,1,0
BRDA:1671,156,0,0
BRDA:1674,157,0,0
BRDA:1674,157,1,0
BRDA:1700,158,0,0
BRDA:1704,159,0,0
BRDA:1706,160,0,0
BRDA:1706,160,1,0
BRDA:1709,161,0,0
BRDA:1709,161,1,0
BRDA:1742,162,0,4
BRDA:1742,162,1,3
BRDA:1743,163,0,4
BRDA:1743,163,1,3
BRDA:1776,164,0,1
BRDA:1776,164,1,0
BRDA:1777,165,0,1
BRDA:1777,165,1,0
BRDA:1793,166,0,0
BRDA:1793,166,1,0
BRDA:1794,167,0,0
BRDA:1794,167,1,0
BRDA:1798,168,0,0
BRDA:1798,168,1,0
BRDA:1845,169,0,0
BRDA:1845,169,1,0
BRDA:1849,170,0,0
BRDA:1849,171,0,0
BRDA:1849,171,1,0
BRDA:1899,172,0,0
BRDA:1902,173,0,5
BRDA:1902,173,1,0
BRDA:1911,174,0,2
BRDA:1913,175,0,0
BRDA:1920,176,0,0
BRDA:1920,176,1,0
BRDA:1933,177,0,12
BRDA:1933,177,1,0
BRDA:1939,178,0,12
BRDA:1939,178,1,2
BRDA:1941,179,0,12
BRDA:1941,179,1,2
BRDA:1942,180,0,2
BRDA:1942,180,1,0
BRDA:1945,181,0,7
BRDA:1945,181,1,5
BRDA:1953,182,0,12
BRDA:1953,182,1,0
BRDA:1955,183,0,4
BRDA:1955,183,1,17
BRDA:1957,184,0,12
BRDA:1957,184,1,0
BRDA:1958,185,0,12
BRDA:1958,185,1,5
BRDA:1970,186,0,9
BRDA:1970,186,1,5
BRDA:1972,187,0,9
BRDA:1972,187,1,5
BRDA:1975,188,0,9
BRDA:1975,188,1,5
BRDA:1982,189,0,12
BRDA:1982,189,1,0
BRDA:1998,190,0,12
BRDA:1998,190,1,0
BRDA:2003,191,0,12
BRDA:2003,191,1,0
BRDA:2004,192,0,12
BRDA:2004,192,1,2
BRDA:2006,193,0,10
BRDA:2006,193,1,2
BRDA:2006,194,0,12
BRDA:2006,194,1,10
BRDA:2009,195,0,12
BRDA:2009,195,1,2
BRDA:2010,196,0,12
BRDA:2010,196,1,2
BRDA:2011,197,0,12
BRDA:2011,197,1,2
BRDA:2012,198,0,12
BRDA:2012,198,1,0
BRDA:2014,199,0,10
BRDA:2014,199,1,2
BRDA:2014,200,0,12
BRDA:2014,200,1,10
BRDA:2017,201,0,12
BRDA:2017,201,1,2
BRDA:2019,202,0,11
BRDA:2019,202,1,1
BRDA:2019,203,0,12
BRDA:2019,203,1,11
BRDA:2027,204,0,2
BRDA:2027,204,1,1
BRDA:2027,204,2,1
BRDA:2027,204,3,1
BRDA:2031,205,0,2
BRDA:2031,205,1,1
BRDA:2040,206,0,48
BRDA:2040,206,1,18
BRDA:2041,207,0,48
BRDA:2041,207,1,18
BRDA:2042,208,0,48
BRDA:2042,208,1,18
BRDA:2043,209,0,48
BRDA:2043,209,1,44
BRDA:2053,210,0,42
BRDA:2053,210,1,15
BRDA:2058,211,0,14
BRDA:2058,211,1,5
BRDA:2061,212,0,14
BRDA:2061,212,1,5
BRDA:2080,213,0,0
BRDA:2080,214,0,12
BRDA:2080,214,1,0
BRDA:2085,215,0,3
BRDA:2086,216,0,1
BRDA:2086,216,1,2
BRDA:2102,217,0,2
BRDA:2107,218,0,1
BRDA:2112,219,0,2
BRDA:2116,220,0,4
BRDA:2133,221,0,1
BRDA:2137,222,0,1
BRDA:2141,223,0,0
BRDA:2154,224,0,4
BRDA:2160,225,0,1
BRDA:2161,226,0,1
BRDA:2161,227,0,1
BRDA:2161,227,1,0
BRDA:2161,228,0,1
BRDA:2161,228,1,0
BRDA:2162,229,0,1
BRDA:2163,230,0,1
BRDA:2167,231,0,0
BRDA:2169,232,0,0
BRDA:2170,233,0,0
BRDA:2170,234,0,0
BRDA:2170,234,1,0
BRDA:2170,235,0,0
BRDA:2170,235,1,0
BRDA:2171,236,0,0
BRDA:2183,237,0,4
BRDA:2183,237,1,0
BRDA:2185,238,0,4
BRDA:2193,239,0,0
BRDA:2193,239,1,0
BRDA:2194,240,0,0
BRDA:2194,240,1,0
BRDA:2195,241,0,0
BRDA:2195,241,1,0
BRDA:2196,242,0,0
BRDA:2196,242,1,0
BRDA:2198,243,0,0
BRDA:2198,243,1,0
BRDA:2211,244,0,0
BRDA:2224,245,0,3
BRDA:2225,246,0,39
BRDA:2225,246,1,38
BRDA:2225,246,2,37
BRDA:2236,247,0,9
BRDA:2236,247,1,7
BRDA:2245,248,0,10
BRDA:2248,249,0,11
BRDA:2263,250,0,4
BRDA:2263,251,0,12
BRDA:2263,251,1,8
BRDA:2278,252,0,4
BRDA:2278,253,0,12
BRDA:2278,253,1,11
BRDA:2302,254,0,21
BRDA:2302,254,1,17
BRDA:2305,255,0,11
BRDA:2310,256,0,10
BRDA:2310,256,1,6
BRDA:2312,257,0,10
BRDA:2312,257,1,6
BRDA:2314,258,0,10
BRDA:2314,258,1,6
BRDA:2315,259,0,10
BRDA:2315,259,1,6
BRDA:2329,260,0,44
BRDA:2329,260,1,44
BRDA:2355,261,0,0
BRDA:2364,262,0,2
BRDA:2364,262,1,0
BRDA:2372,263,0,2
BRDA:2372,263,1,0
BRDA:2375,264,0,2
BRDA:2375,264,1,2
BRDA:2378,265,0,2
BRDA:2385,266,0,0
BRDA:2394,267,0,4
BRDA:2394,268,0,12
BRDA:2394,268,1,8
BRDA:2410,269,0,3
BRDA:2410,269,1,5
BRDA:2441,270,0,12
BRDA:2441,270,1,12
BRDA:2442,271,0,12
BRDA:2453,272,0,0
BRDA:2453,273,0,2
BRDA:2453,273,1,2
BRDA:2462,274,0,6
BRDA:2463,275,0,6
BRDA:2465,276,0,2
BRDA:2477,277,0,4
BRDA:2478,278,0,4
BRDA:2478,279,0,27
BRDA:2478,279,1,23
BRDA:2478,279,2,23
BRDA:2484,280,0,0
BRDA:2489,281,0,4
BRDA:2510,282,0,93
BRDA:2510,282,1,89
BRDA:2517,283,0,0
BRDA:2520,284,0,0
BRDA:2521,285,0,1
BRDA:2522,286,0,8
BRDA:2522,286,1,8
BRDA:2522,286,2,8
BRDA:2528,287,0,0
BRDA:2528,288,0,7
BRDA:2528,288,1,7
BRDA:2531,289,0,0
BRDA:2534,290,0,1
BRDA:2541,291,0,1
BRDA:2541,292,0,8
BRDA:2541,292,1,8
BRDA:2544,293,0,0
BRDA:2547,294,0,0
BRDA:2547,295,0,7
BRDA:2547,295,1,7
BRDA:2550,296,0,1
BRDA:2550,297,0,7
BRDA:2550,297,1,7
BRDA:2563,298,0,5
BRDA:2563,298,1,0
BRDA:2568,299,0,0
BRDA:2580,300,0,5
BRDA:2580,301,0,25
BRDA:2580,301,1,20
BRDA:2582,302,0,20
BRDA:2584,303,0,0
BRDA:2585,304,0,20
BRDA:2585,304,1,0
BRDA:2585,304,2,20
BRDA:2585,304,3,0
BRDA:2609,305,0,3
BRDA:2612,306,0,1
BRDA:2612,307,0,1
BRDA:2612,307,1,1
BRDA:2612,307,2,1
BRDA:2623,308,0,3
BRDA:2627,309,0,0
BRDA:2630,310,0,0
BRDA:2633,311,0,0
BRDA:2647,312,0,4
BRDA:2647,312,1,0
BRDA:2657,313,0,4
BRDA:2657,313,1,0
BRDA:2667,314,0,4
BRDA:2667,314,1,0
BRDA:2677,315,0,4
BRDA:2677,315,1,0
BRDA:2682,316,0,17
BRDA:2682,316,1,17
BRDA:2682,316,2,17
BRF:525
BRH:282
end_of_record
